<?xml version="1.0" encoding="UTF-8"?>
<!-- Generated by org.testng.reporters.JUnitReportReporter -->
<testsuite hostname="LAPTOP-NVFF1C43" failures="0" tests="1" name="maven_test.Demo_web_shop_searchTest" time="58.236" errors="0" timestamp="2022-11-17T17:20:45 IST" skipped="0">
  <testcase classname="maven_test.Demo_web_shop_searchTest" name="Tc_Search" time="58.236"/>
  <system-out/>
</testsuite> <!-- maven_test.Demo_web_shop_searchTest -->
