<?xml version="1.0" encoding="UTF-8"?>
<!-- Generated by org.testng.reporters.JUnitReportReporter -->
<testsuite hostname="LAPTOP-NVFF1C43" failures="0" tests="1" name="maven_test.MavenDemoTest" time="0.001" errors="0" timestamp="2022-12-12T17:34:00 IST" skipped="0">
  <testcase classname="maven_test.MavenDemoTest" name="Demo" time="0.001"/>
  <system-out/>
</testsuite> <!-- maven_test.MavenDemoTest -->
