<?xml version="1.0" encoding="UTF-8"?>
<!-- Generated by org.testng.reporters.JUnitReportReporter -->
<testsuite hostname="LAPTOP-NVFF1C43" failures="0" tests="1" name="maven_test.Register_Testcase" time="36.398" errors="0" timestamp="2022-11-17T17:20:45 IST" skipped="0">
  <testcase classname="maven_test.Register_Testcase" name="Reg" time="36.398"/>
  <system-out/>
</testsuite> <!-- maven_test.Register_Testcase -->
